app/build/intermediates/manifest_merge_blame_file/debug/manifest-merger-blame-debug-report.txt
1<?xml version="1.0" encoding="utf-8"?>
2<manifest xmlns:android="http://schemas.android.com/apk/res/android"
3    package="com.example.precede1"
4    android:versionCode="1"
5    android:versionName="1.0" >
6
7    <uses-sdk
8        android:minSdkVersion="19"
8-->src/main/AndroidManifest.xml
9        android:targetSdkVersion="33" />
9-->src/main/AndroidManifest.xml
10
11    <uses-permission android:name="android.permission.INTERNET" />
11-->src/main/AndroidManifest.xml:6:5-67
11-->src/main/AndroidManifest.xml:6:22-64
12
13    <permission
13-->[androidx.core:core:1.9.0] AndroidManifest.xml:22:5-24:47
14        android:name="com.example.precede1.DYNAMIC_RECEIVER_NOT_EXPORTED_PERMISSION"
14-->[androidx.core:core:1.9.0] AndroidManifest.xml:23:9-81
15        android:protectionLevel="signature" />
15-->[androidx.core:core:1.9.0] AndroidManifest.xml:24:9-44
16
17    <uses-permission android:name="com.example.precede1.DYNAMIC_RECEIVER_NOT_EXPORTED_PERMISSION" />
17-->[androidx.core:core:1.9.0] AndroidManifest.xml:26:5-97
17-->[androidx.core:core:1.9.0] AndroidManifest.xml:26:22-94
18
19    <application
19-->src/main/AndroidManifest.xml:8:5-72:19
20        android:allowBackup="true"
20-->src/main/AndroidManifest.xml:9:9-35
21        android:appComponentFactory="androidx.core.app.CoreComponentFactory"
21-->[androidx.core:core:1.9.0] AndroidManifest.xml:28:18-86
22        android:dataExtractionRules="@xml/data_extraction_rules"
22-->src/main/AndroidManifest.xml:11:9-65
23        android:debuggable="true"
24        android:enableOnBackInvokedCallback="true"
24-->src/main/AndroidManifest.xml:10:9-51
25        android:fullBackupContent="@xml/backup_rules"
25-->src/main/AndroidManifest.xml:12:9-54
26        android:icon="@mipmap/ic_launcher"
26-->src/main/AndroidManifest.xml:13:9-43
27        android:label="@string/app_name"
27-->src/main/AndroidManifest.xml:15:9-41
28        android:roundIcon="@mipmap/ic_launcher_round"
28-->src/main/AndroidManifest.xml:14:9-54
29        android:supportsRtl="true"
29-->src/main/AndroidManifest.xml:16:9-35
30        android:testOnly="true"
31        android:theme="@style/Theme.Precede1"
31-->src/main/AndroidManifest.xml:17:9-46
32        android:usesCleartextTraffic="true" >
32-->src/main/AndroidManifest.xml:19:9-44
33        <activity
33-->src/main/AndroidManifest.xml:21:9-30:20
34            android:name="com.example.precede1.MainActivity"
34-->src/main/AndroidManifest.xml:22:13-41
35            android:exported="true"
35-->src/main/AndroidManifest.xml:24:13-36
36            android:label="@string/app_name"
36-->src/main/AndroidManifest.xml:23:13-45
37            android:theme="@style/Theme.Precede1" >
37-->src/main/AndroidManifest.xml:25:13-50
38            <intent-filter>
38-->src/main/AndroidManifest.xml:26:13-29:29
39                <action android:name="android.intent.action.MAIN" />
39-->src/main/AndroidManifest.xml:27:17-69
39-->src/main/AndroidManifest.xml:27:25-66
40
41                <category android:name="android.intent.category.LAUNCHER" />
41-->src/main/AndroidManifest.xml:28:17-77
41-->src/main/AndroidManifest.xml:28:27-74
42            </intent-filter>
43        </activity>
44        <activity android:name="com.example.precede1.RegisterActivity" />
44-->src/main/AndroidManifest.xml:32:9-53
44-->src/main/AndroidManifest.xml:32:19-51
45        <activity android:name="com.example.precede1.RegisterActivity_c_2" />
45-->src/main/AndroidManifest.xml:33:9-57
45-->src/main/AndroidManifest.xml:33:19-55
46        <activity android:name="com.example.precede1.RegisterActivity_c_1" />
46-->src/main/AndroidManifest.xml:34:9-58
46-->src/main/AndroidManifest.xml:34:19-55
47        <activity android:name="com.example.precede1.PersonalAccountActivity" />
47-->src/main/AndroidManifest.xml:35:9-60
47-->src/main/AndroidManifest.xml:35:19-58
48        <activity android:name="com.example.precede1.SettingActivity2" />
48-->src/main/AndroidManifest.xml:36:9-53
48-->src/main/AndroidManifest.xml:36:19-51
49        <activity android:name="com.example.precede1.SettingActivity" />
49-->src/main/AndroidManifest.xml:37:9-52
49-->src/main/AndroidManifest.xml:37:19-50
50        <activity android:name="com.example.precede1.Groupprofilesearch2" />
50-->src/main/AndroidManifest.xml:38:9-56
50-->src/main/AndroidManifest.xml:38:19-54
51        <activity android:name="com.example.precede1.Groupprofilesearch1" />
51-->src/main/AndroidManifest.xml:39:9-56
51-->src/main/AndroidManifest.xml:39:19-54
52        <activity android:name="com.example.precede1.Recording_a4" />
52-->src/main/AndroidManifest.xml:40:9-41:43
52-->src/main/AndroidManifest.xml:41:13-41
53        <activity android:name="com.example.precede1.Recording_a3" />
53-->src/main/AndroidManifest.xml:42:9-43:44
53-->src/main/AndroidManifest.xml:43:13-41
54        <activity android:name="com.example.precede1.recording_a2" />
54-->src/main/AndroidManifest.xml:44:9-45:43
54-->src/main/AndroidManifest.xml:45:13-41
55        <activity android:name="com.example.precede1.Recording_a1" />
55-->src/main/AndroidManifest.xml:46:9-47:43
55-->src/main/AndroidManifest.xml:47:13-41
56        <activity android:name="com.example.precede1.MainprivActivity" />
56-->src/main/AndroidManifest.xml:48:9-49:47
56-->src/main/AndroidManifest.xml:49:13-45
57        <activity android:name="com.example.precede1.MainuseActivity" />
57-->src/main/AndroidManifest.xml:50:9-51:46
57-->src/main/AndroidManifest.xml:51:13-44
58        <activity android:name="com.example.precede1.HomeActivity" />
58-->src/main/AndroidManifest.xml:52:9-53:44
58-->src/main/AndroidManifest.xml:53:13-41
59        <activity android:name="com.example.precede1.IDPW2Activity" />
59-->src/main/AndroidManifest.xml:54:9-55:44
59-->src/main/AndroidManifest.xml:55:13-42
60        <activity android:name="com.example.precede1.IDPWActivity" />
60-->src/main/AndroidManifest.xml:56:9-57:44
60-->src/main/AndroidManifest.xml:57:13-41
61        <activity android:name="com.example.precede1.RegisterActivity_b_1" />
61-->src/main/AndroidManifest.xml:58:9-59:51
61-->src/main/AndroidManifest.xml:59:13-49
62        <activity android:name="com.example.precede1.LoginActivity" />
62-->src/main/AndroidManifest.xml:60:9-61:45
62-->src/main/AndroidManifest.xml:61:13-42
63        <activity android:name="com.example.precede1.RegisterActivity_abc_4" />
63-->src/main/AndroidManifest.xml:62:9-63:53
63-->src/main/AndroidManifest.xml:63:13-51
64        <activity android:name="com.example.precede1.RegisterActivity_abc_3" />
64-->src/main/AndroidManifest.xml:64:9-65:53
64-->src/main/AndroidManifest.xml:65:13-51
65        <activity android:name="com.example.precede1.RegisterActivity_a_2" />
65-->src/main/AndroidManifest.xml:66:9-67:52
65-->src/main/AndroidManifest.xml:67:13-49
66        <activity android:name="com.example.precede1.RegisterActivity_a_1" />
66-->src/main/AndroidManifest.xml:68:9-69:52
66-->src/main/AndroidManifest.xml:69:13-49
67        <activity android:name="com.example.precede1.UseActivity" />
67-->src/main/AndroidManifest.xml:70:9-71:43
67-->src/main/AndroidManifest.xml:71:13-40
68
69        <provider
69-->[androidx.emoji2:emoji2:1.2.0] AndroidManifest.xml:24:9-32:20
70            android:name="androidx.startup.InitializationProvider"
70-->[androidx.emoji2:emoji2:1.2.0] AndroidManifest.xml:25:13-67
71            android:authorities="com.example.precede1.androidx-startup"
71-->[androidx.emoji2:emoji2:1.2.0] AndroidManifest.xml:26:13-68
72            android:exported="false" >
72-->[androidx.emoji2:emoji2:1.2.0] AndroidManifest.xml:27:13-37
73            <meta-data
73-->[androidx.emoji2:emoji2:1.2.0] AndroidManifest.xml:29:13-31:52
74                android:name="androidx.emoji2.text.EmojiCompatInitializer"
74-->[androidx.emoji2:emoji2:1.2.0] AndroidManifest.xml:30:17-75
75                android:value="androidx.startup" />
75-->[androidx.emoji2:emoji2:1.2.0] AndroidManifest.xml:31:17-49
76            <meta-data
76-->[androidx.lifecycle:lifecycle-process:2.4.1] AndroidManifest.xml:31:13-33:52
77                android:name="androidx.lifecycle.ProcessLifecycleInitializer"
77-->[androidx.lifecycle:lifecycle-process:2.4.1] AndroidManifest.xml:32:17-78
78                android:value="androidx.startup" />
78-->[androidx.lifecycle:lifecycle-process:2.4.1] AndroidManifest.xml:33:17-49
79        </provider>
80    </application>
81
82</manifest>